<?xml version="1.0" encoding="UTF-8"?>
<!-- Generated by org.testng.reporters.JUnitXMLReporter -->
<testsuite hostname="DESKTOP-CL9VTD9" ignored="2" name="Default test" tests="1" failures="0" timestamp="15 Jul 2021 12:38:37 GMT" time="4.84" errors="0">
  <testcase name="getValidTagPage" time="4.34" classname="com.testing.scripts.TestTagAuthorPageFilter"/>
  <testcase name="getValidTagAuthor" time="0.0" classname="com.testing.scripts.TestTagAuthorPageFilter">
    <ignored/>
  </testcase> <!-- getValidTagAuthor -->
  <testcase name="getValidTagInvalidAuthor" time="0.0" classname="com.testing.scripts.TestTagAuthorPageFilter">
    <ignored/>
  </testcase> <!-- getValidTagInvalidAuthor -->
</testsuite> <!-- Default test -->
