<?xml version="1.0" encoding="UTF-8"?>
<!-- Generated by org.testng.reporters.JUnitXMLReporter -->
<testsuite hostname="DESKTOP-CL9VTD9" ignored="0" name="Test" tests="6" failures="0" timestamp="15 Jul 2021 12:56:43 GMT" time="13.547" errors="0">
  <testcase name="getValidPageStart" time="4.436" classname="com.testing.scripts.TestPageFilter"/>
  <testcase name="getValidPageEnd" time="1.76" classname="com.testing.scripts.TestPageFilter"/>
  <testcase name="getValidPageInvalid" time="1.738" classname="com.testing.scripts.TestPageFilter"/>
  <testcase name="getValidTagAuthor" time="1.75" classname="com.testing.scripts.TestTagAuthorPageFilter"/>
  <testcase name="getValidTagInvalidAuthor" time="1.66" classname="com.testing.scripts.TestTagAuthorPageFilter"/>
  <testcase name="getValidTagPage" time="1.709" classname="com.testing.scripts.TestTagAuthorPageFilter"/>
</testsuite> <!-- Test -->
