<?xml version="1.0" encoding="UTF-8"?>
<!-- Generated by org.testng.reporters.JUnitXMLReporter -->
<testsuite hostname="DESKTOP-CL9VTD9" ignored="0" name="Test" tests="6" failures="0" timestamp="15 Jul 2021 12:42:10 GMT" time="14.262" errors="0">
  <testcase name="getValidPageStart" time="5.025" classname="com.testing.scripts.TestPageFilter"/>
  <testcase name="getValidPageEnd" time="1.787" classname="com.testing.scripts.TestPageFilter"/>
  <testcase name="getValidPageInvalid" time="1.706" classname="com.testing.scripts.TestPageFilter"/>
  <testcase name="getValidTagAuthor" time="1.741" classname="com.testing.scripts.TestTagAuthorPageFilter"/>
  <testcase name="getValidTagInvalidAuthor" time="1.687" classname="com.testing.scripts.TestTagAuthorPageFilter"/>
  <testcase name="getValidTagPage" time="1.783" classname="com.testing.scripts.TestTagAuthorPageFilter"/>
</testsuite> <!-- Test -->
